[onebanc.ai/index.html]
[backblue.gif]
[fade.gif]
[index.html]
[onebanc.ai/pics/logo_onebanc.png]
[onebanc.ai/favicon.ico]
[onebanc.ai/css/home.min.css]
[onebanc.ai/pics/onebanc_man_mob.png]
[onebanc.ai/pics/qr_code.png]
[onebanc.ai/static/tnc.html]
[onebanc.ai/static/privacypolicy.html]
[onebanc.ai/pics/regular_bank.png]
[onebanc.ai/pics/onebanc_man.png]
[onebanc.ai/index.html]
[onebanc.ai/css/fonts/onebanc_fontsb6d8.woff]
[onebanc.ai/css/fonts/onebanc_fontsb6d8.ttf]
[onebanc.ai/pics/ico_johny_1.png]
[onebanc.ai/pics/ico_johny_2.png]
[onebanc.ai/pics/ico_iron_man.png]
[onebanc.ai/pics/ico_avengers.png]
[onebanc.ai/css/home.min.css]
[onebanc.ai/static/tnc.html]
[onebanc.ai/static/privacypolicy.html]
[onebanc.ai/POST.html]
[onebanc.ai/safari/index.html]
